{"/Users/divisio/Desktop/Pedro/Programacao/TVmaze/src/assets/images/star.png": {"path":"/Users/divisio/Desktop/Pedro/Programacao/TVmaze/src/assets/images/star.png","statementMap":{"0":{"start":{"line":1,"column":0},"end":{"line":4,"column":6}}},"fnMap":{},"branchMap":{},"s":{"0":1},"f":{},"b":{},"inputSourceMap":null,"_coverageSchema":"1a1c01bbd47fc00a2c39e90264f33305004495a9","hash":"e1a0b40b73485dcd857759897a71fe28a4ce4444"}
,"/Users/divisio/Desktop/Pedro/Programacao/TVmaze/src/components/ImageIcon/ImageIcon.tsx": {"path":"/Users/divisio/Desktop/Pedro/Programacao/TVmaze/src/components/ImageIcon/ImageIcon.tsx","statementMap":{"0":{"start":{"line":10,"column":2},"end":{"line":18,"column":4}}},"fnMap":{"0":{"name":"ImageIcon","decl":{"start":{"line":9,"column":16},"end":{"line":9,"column":25}},"loc":{"start":{"line":9,"column":70},"end":{"line":19,"column":1}},"line":9}},"branchMap":{"0":{"loc":{"start":{"line":9,"column":42},"end":{"line":9,"column":51}},"type":"default-arg","locations":[{"start":{"line":9,"column":49},"end":{"line":9,"column":51}}],"line":9}},"s":{"0":2},"f":{"0":2},"b":{"0":[2]},"_coverageSchema":"1a1c01bbd47fc00a2c39e90264f33305004495a9","hash":"061d1730c2cbbf02243b3e9655a7cfde312e9ed6"}
,"/Users/divisio/Desktop/Pedro/Programacao/TVmaze/src/components/StarRating/StarRating.tsx": {"path":"/Users/divisio/Desktop/Pedro/Programacao/TVmaze/src/components/StarRating/StarRating.tsx","statementMap":{"0":{"start":{"line":8,"column":17},"end":{"line":8,"column":56}},"1":{"start":{"line":15,"column":2},"end":{"line":17,"column":3}},"2":{"start":{"line":16,"column":4},"end":{"line":16,"column":16}},"3":{"start":{"line":19,"column":2},"end":{"line":24,"column":4}},"4":{"start":{"line":27,"column":15},"end":{"line":36,"column":2}}},"fnMap":{"0":{"name":"StarRating","decl":{"start":{"line":14,"column":16},"end":{"line":14,"column":26}},"loc":{"start":{"line":14,"column":44},"end":{"line":25,"column":1}},"line":14}},"branchMap":{"0":{"loc":{"start":{"line":15,"column":2},"end":{"line":17,"column":3}},"type":"if","locations":[{"start":{"line":15,"column":2},"end":{"line":17,"column":3}},{"start":{},"end":{}}],"line":15}},"s":{"0":1,"1":3,"2":1,"3":2,"4":1},"f":{"0":3},"b":{"0":[1,2]},"_coverageSchema":"1a1c01bbd47fc00a2c39e90264f33305004495a9","hash":"b52c53f4d40c2e9cf09528bea35c888f418e97ed"}
,"/Users/divisio/Desktop/Pedro/Programacao/TVmaze/src/models/CommonModels.ts": {"path":"/Users/divisio/Desktop/Pedro/Programacao/TVmaze/src/models/CommonModels.ts","statementMap":{},"fnMap":{},"branchMap":{},"s":{},"f":{},"b":{},"_coverageSchema":"1a1c01bbd47fc00a2c39e90264f33305004495a9","hash":"b8f3def1e9e7d4f8722c1b86bd7339356671ffe1"}
,"/Users/divisio/Desktop/Pedro/Programacao/TVmaze/src/services/api.ts": {"path":"/Users/divisio/Desktop/Pedro/Programacao/TVmaze/src/services/api.ts","statementMap":{"0":{"start":{"line":3,"column":24},"end":{"line":3,"column":49}},"1":{"start":{"line":5,"column":19},"end":{"line":7,"column":2}}},"fnMap":{},"branchMap":{},"s":{"0":1,"1":1},"f":{},"b":{},"_coverageSchema":"1a1c01bbd47fc00a2c39e90264f33305004495a9","hash":"64f83a98a22f9366cf0af3bd0d5fe91fdde9ae90"}
,"/Users/divisio/Desktop/Pedro/Programacao/TVmaze/src/styles/colors.ts": {"path":"/Users/divisio/Desktop/Pedro/Programacao/TVmaze/src/styles/colors.ts","statementMap":{"0":{"start":{"line":1,"column":22},"end":{"line":9,"column":1}}},"fnMap":{},"branchMap":{},"s":{"0":1},"f":{},"b":{},"_coverageSchema":"1a1c01bbd47fc00a2c39e90264f33305004495a9","hash":"fb78a191ce13a625a6094d861bd6f77dbfc26bbd"}
,"/Users/divisio/Desktop/Pedro/Programacao/TVmaze/test/mocks/showMocks.ts": {"path":"/Users/divisio/Desktop/Pedro/Programacao/TVmaze/test/mocks/showMocks.ts","statementMap":{"0":{"start":{"line":5,"column":19},"end":{"line":34,"column":1}},"1":{"start":{"line":36,"column":26},"end":{"line":63,"column":1}},"2":{"start":{"line":65,"column":26},"end":{"line":92,"column":1}},"3":{"start":{"line":94,"column":27},"end":{"line":121,"column":1}},"4":{"start":{"line":123,"column":27},"end":{"line":150,"column":1}},"5":{"start":{"line":152,"column":20},"end":{"line":152,"column":62}},"6":{"start":{"line":154,"column":25},"end":{"line":161,"column":1}}},"fnMap":{},"branchMap":{},"s":{"0":1,"1":1,"2":1,"3":1,"4":1,"5":1,"6":1},"f":{},"b":{},"_coverageSchema":"1a1c01bbd47fc00a2c39e90264f33305004495a9","hash":"20162b664707d659da5379f2bc6e9a367480da3c"}
,"/Users/divisio/Desktop/Pedro/Programacao/TVmaze/test/server/handlers.ts": {"path":"/Users/divisio/Desktop/Pedro/Programacao/TVmaze/test/server/handlers.ts","statementMap":{"0":{"start":{"line":5,"column":24},"end":{"line":9,"column":1}},"1":{"start":{"line":7,"column":4},"end":{"line":7,"column":66}}},"fnMap":{"0":{"name":"(anonymous_0)","decl":{"start":{"line":6,"column":48},"end":{"line":6,"column":49}},"loc":{"start":{"line":6,"column":68},"end":{"line":8,"column":3}},"line":6}},"branchMap":{},"s":{"0":1,"1":0},"f":{"0":0},"b":{},"_coverageSchema":"1a1c01bbd47fc00a2c39e90264f33305004495a9","hash":"251781f5a6734d278504ebdbd599ee06a4fa631d"}
,"/Users/divisio/Desktop/Pedro/Programacao/TVmaze/test/server/server.ts": {"path":"/Users/divisio/Desktop/Pedro/Programacao/TVmaze/test/server/server.ts","statementMap":{"0":{"start":{"line":4,"column":22},"end":{"line":4,"column":46}}},"fnMap":{},"branchMap":{},"s":{"0":1},"f":{},"b":{},"_coverageSchema":"1a1c01bbd47fc00a2c39e90264f33305004495a9","hash":"eca2b5984206779664807813217ee672088a4f8e"}
}
