{"/Users/divisio/Desktop/Pedro/Programacao/TVmaze/src/assets/images/arrow-down.png": {"path":"/Users/divisio/Desktop/Pedro/Programacao/TVmaze/src/assets/images/arrow-down.png","statementMap":{"0":{"start":{"line":1,"column":0},"end":{"line":4,"column":6}}},"fnMap":{},"branchMap":{},"s":{"0":1},"f":{},"b":{},"inputSourceMap":null,"_coverageSchema":"1a1c01bbd47fc00a2c39e90264f33305004495a9","hash":"e29078072c05ed01e6f46daf4f5b373cb7d0e41e"}
,"/Users/divisio/Desktop/Pedro/Programacao/TVmaze/src/assets/images/heart-outline.png": {"path":"/Users/divisio/Desktop/Pedro/Programacao/TVmaze/src/assets/images/heart-outline.png","statementMap":{"0":{"start":{"line":1,"column":0},"end":{"line":4,"column":6}}},"fnMap":{},"branchMap":{},"s":{"0":1},"f":{},"b":{},"inputSourceMap":null,"_coverageSchema":"1a1c01bbd47fc00a2c39e90264f33305004495a9","hash":"c5b8f618ad5d9a4eb04d8956957c1a1224722e81"}
,"/Users/divisio/Desktop/Pedro/Programacao/TVmaze/src/assets/images/heart.png": {"path":"/Users/divisio/Desktop/Pedro/Programacao/TVmaze/src/assets/images/heart.png","statementMap":{"0":{"start":{"line":1,"column":0},"end":{"line":4,"column":6}}},"fnMap":{},"branchMap":{},"s":{"0":1},"f":{},"b":{},"inputSourceMap":null,"_coverageSchema":"1a1c01bbd47fc00a2c39e90264f33305004495a9","hash":"6e64dabaad4a2afd09b6a518e663e5207be5c447"}
,"/Users/divisio/Desktop/Pedro/Programacao/TVmaze/src/assets/images/image-placeholder.png": {"path":"/Users/divisio/Desktop/Pedro/Programacao/TVmaze/src/assets/images/image-placeholder.png","statementMap":{"0":{"start":{"line":1,"column":0},"end":{"line":4,"column":6}}},"fnMap":{},"branchMap":{},"s":{"0":2},"f":{},"b":{},"inputSourceMap":null,"_coverageSchema":"1a1c01bbd47fc00a2c39e90264f33305004495a9","hash":"22d2d487247de8fdf84a37389bb3afccae6803ab"}
,"/Users/divisio/Desktop/Pedro/Programacao/TVmaze/src/assets/images/star.png": {"path":"/Users/divisio/Desktop/Pedro/Programacao/TVmaze/src/assets/images/star.png","statementMap":{"0":{"start":{"line":1,"column":0},"end":{"line":4,"column":6}}},"fnMap":{},"branchMap":{},"s":{"0":2},"f":{},"b":{},"inputSourceMap":null,"_coverageSchema":"1a1c01bbd47fc00a2c39e90264f33305004495a9","hash":"e1a0b40b73485dcd857759897a71fe28a4ce4444"}
,"/Users/divisio/Desktop/Pedro/Programacao/TVmaze/src/components/CardImage/CardImage.tsx": {"path":"/Users/divisio/Desktop/Pedro/Programacao/TVmaze/src/components/CardImage/CardImage.tsx","statementMap":{"0":{"start":{"line":13,"column":42},"end":{"line":33,"column":1}},"1":{"start":{"line":19,"column":22},"end":{"line":19,"column":55}},"2":{"start":{"line":21,"column":2},"end":{"line":32,"column":4}},"3":{"start":{"line":35,"column":15},"end":{"line":59,"column":2}}},"fnMap":{"0":{"name":"(anonymous_0)","decl":{"start":{"line":13,"column":42},"end":{"line":13,"column":43}},"loc":{"start":{"line":18,"column":6},"end":{"line":33,"column":1}},"line":18}},"branchMap":{},"s":{"0":1,"1":2,"2":2,"3":1},"f":{"0":2},"b":{},"_coverageSchema":"1a1c01bbd47fc00a2c39e90264f33305004495a9","hash":"1eedb388ae74565d51762b28ee4e18aebfdfa9b7"}
,"/Users/divisio/Desktop/Pedro/Programacao/TVmaze/src/components/DaysOfWeekIndicator/DaysOfWeekIndicator.tsx": {"path":"/Users/divisio/Desktop/Pedro/Programacao/TVmaze/src/components/DaysOfWeekIndicator/DaysOfWeekIndicator.tsx","statementMap":{"0":{"start":{"line":10,"column":20},"end":{"line":39,"column":1}},"1":{"start":{"line":45,"column":2},"end":{"line":63,"column":4}},"2":{"start":{"line":48,"column":22},"end":{"line":48,"column":46}},"3":{"start":{"line":49,"column":8},"end":{"line":60,"column":10}},"4":{"start":{"line":66,"column":15},"end":{"line":83,"column":2}}},"fnMap":{"0":{"name":"DaysOfWeekIndicator","decl":{"start":{"line":44,"column":16},"end":{"line":44,"column":35}},"loc":{"start":{"line":44,"column":51},"end":{"line":64,"column":1}},"line":44},"1":{"name":"(anonymous_1)","decl":{"start":{"line":47,"column":16},"end":{"line":47,"column":17}},"loc":{"start":{"line":47,"column":23},"end":{"line":61,"column":7}},"line":47}},"branchMap":{"0":{"loc":{"start":{"line":54,"column":33},"end":{"line":54,"column":74}},"type":"cond-expr","locations":[{"start":{"line":54,"column":41},"end":{"line":54,"column":55}},{"start":{"line":54,"column":58},"end":{"line":54,"column":74}}],"line":54}},"s":{"0":1,"1":2,"2":14,"3":14,"4":1},"f":{"0":2,"1":14},"b":{"0":[10,4]},"_coverageSchema":"1a1c01bbd47fc00a2c39e90264f33305004495a9","hash":"3c9d8a51842a116fc15385eb664259b73ac67f03"}
,"/Users/divisio/Desktop/Pedro/Programacao/TVmaze/src/components/ImageIcon/ImageIcon.tsx": {"path":"/Users/divisio/Desktop/Pedro/Programacao/TVmaze/src/components/ImageIcon/ImageIcon.tsx","statementMap":{"0":{"start":{"line":10,"column":2},"end":{"line":18,"column":4}}},"fnMap":{"0":{"name":"ImageIcon","decl":{"start":{"line":9,"column":16},"end":{"line":9,"column":25}},"loc":{"start":{"line":9,"column":70},"end":{"line":19,"column":1}},"line":9}},"branchMap":{"0":{"loc":{"start":{"line":9,"column":42},"end":{"line":9,"column":51}},"type":"default-arg","locations":[{"start":{"line":9,"column":49},"end":{"line":9,"column":51}}],"line":9}},"s":{"0":6},"f":{"0":6},"b":{"0":[2]},"_coverageSchema":"1a1c01bbd47fc00a2c39e90264f33305004495a9","hash":"061d1730c2cbbf02243b3e9655a7cfde312e9ed6"}
,"/Users/divisio/Desktop/Pedro/Programacao/TVmaze/src/components/RenderHtml/RenderHtml.tsx": {"path":"/Users/divisio/Desktop/Pedro/Programacao/TVmaze/src/components/RenderHtml/RenderHtml.tsx","statementMap":{"0":{"start":{"line":11,"column":18},"end":{"line":11,"column":39}},"1":{"start":{"line":12,"column":24},"end":{"line":12,"column":48}},"2":{"start":{"line":13,"column":2},"end":{"line":19,"column":4}},"3":{"start":{"line":22,"column":26},"end":{"line":22,"column":57}}},"fnMap":{"0":{"name":"RenderHtmlComponent","decl":{"start":{"line":10,"column":16},"end":{"line":10,"column":35}},"loc":{"start":{"line":10,"column":51},"end":{"line":20,"column":1}},"line":10}},"branchMap":{},"s":{"0":2,"1":2,"2":2,"3":1},"f":{"0":2},"b":{},"_coverageSchema":"1a1c01bbd47fc00a2c39e90264f33305004495a9","hash":"3d6f05f5609255676e92c7b84440d10c9cf935ee"}
,"/Users/divisio/Desktop/Pedro/Programacao/TVmaze/src/components/StarRating/StarRating.tsx": {"path":"/Users/divisio/Desktop/Pedro/Programacao/TVmaze/src/components/StarRating/StarRating.tsx","statementMap":{"0":{"start":{"line":8,"column":17},"end":{"line":8,"column":56}},"1":{"start":{"line":15,"column":2},"end":{"line":17,"column":3}},"2":{"start":{"line":16,"column":4},"end":{"line":16,"column":16}},"3":{"start":{"line":19,"column":2},"end":{"line":24,"column":4}},"4":{"start":{"line":27,"column":15},"end":{"line":36,"column":2}}},"fnMap":{"0":{"name":"StarRating","decl":{"start":{"line":14,"column":16},"end":{"line":14,"column":26}},"loc":{"start":{"line":14,"column":44},"end":{"line":25,"column":1}},"line":14}},"branchMap":{"0":{"loc":{"start":{"line":15,"column":2},"end":{"line":17,"column":3}},"type":"if","locations":[{"start":{"line":15,"column":2},"end":{"line":17,"column":3}},{"start":{},"end":{}}],"line":15}},"s":{"0":2,"1":5,"2":3,"3":2,"4":2},"f":{"0":5},"b":{"0":[3,2]},"_coverageSchema":"1a1c01bbd47fc00a2c39e90264f33305004495a9","hash":"b52c53f4d40c2e9cf09528bea35c888f418e97ed"}
,"/Users/divisio/Desktop/Pedro/Programacao/TVmaze/src/contexts/Favorite.tsx": {"path":"/Users/divisio/Desktop/Pedro/Programacao/TVmaze/src/contexts/Favorite.tsx","statementMap":{"0":{"start":{"line":10,"column":22},"end":{"line":10,"column":36}},"1":{"start":{"line":17,"column":24},"end":{"line":22,"column":2}},"2":{"start":{"line":19,"column":20},"end":{"line":19,"column":25}},"3":{"start":{"line":24,"column":42},"end":{"line":93,"column":1}},"4":{"start":{"line":25,"column":42},"end":{"line":25,"column":68}},"5":{"start":{"line":26,"column":34},"end":{"line":26,"column":54}},"6":{"start":{"line":28,"column":2},"end":{"line":30,"column":9}},"7":{"start":{"line":29,"column":4},"end":{"line":29,"column":15}},"8":{"start":{"line":32,"column":2},"end":{"line":35,"column":21}},"9":{"start":{"line":33,"column":4},"end":{"line":33,"column":32}},"10":{"start":{"line":34,"column":4},"end":{"line":34,"column":33}},"11":{"start":{"line":38,"column":4},"end":{"line":46,"column":5}},"12":{"start":{"line":39,"column":30},"end":{"line":39,"column":71}},"13":{"start":{"line":40,"column":6},"end":{"line":43,"column":7}},"14":{"start":{"line":41,"column":21},"end":{"line":41,"column":48}},"15":{"start":{"line":42,"column":8},"end":{"line":42,"column":30}},"16":{"start":{"line":50,"column":4},"end":{"line":53,"column":22}},"17":{"start":{"line":51,"column":30},"end":{"line":51,"column":50}},"18":{"start":{"line":52,"column":6},"end":{"line":52,"column":59}},"19":{"start":{"line":58,"column":4},"end":{"line":64,"column":6}},"20":{"start":{"line":60,"column":8},"end":{"line":60,"column":38}},"21":{"start":{"line":60,"column":29},"end":{"line":60,"column":38}},"22":{"start":{"line":61,"column":8},"end":{"line":61,"column":39}},"23":{"start":{"line":61,"column":29},"end":{"line":61,"column":39}},"24":{"start":{"line":62,"column":8},"end":{"line":62,"column":17}},"25":{"start":{"line":67,"column":4},"end":{"line":72,"column":7}},"26":{"start":{"line":68,"column":6},"end":{"line":71,"column":8}},"27":{"start":{"line":75,"column":4},"end":{"line":81,"column":5}},"28":{"start":{"line":76,"column":26},"end":{"line":76,"column":43}},"29":{"start":{"line":77,"column":6},"end":{"line":77,"column":33}},"30":{"start":{"line":79,"column":6},"end":{"line":79,"column":31}},"31":{"start":{"line":80,"column":6},"end":{"line":80,"column":35}},"32":{"start":{"line":84,"column":4},"end":{"line":84,"column":34}},"33":{"start":{"line":87,"column":2},"end":{"line":92,"column":4}},"34":{"start":{"line":96,"column":18},"end":{"line":96,"column":45}},"35":{"start":{"line":97,"column":2},"end":{"line":99,"column":3}},"36":{"start":{"line":98,"column":4},"end":{"line":98,"column":75}},"37":{"start":{"line":100,"column":2},"end":{"line":100,"column":17}}},"fnMap":{"0":{"name":"(anonymous_0)","decl":{"start":{"line":19,"column":14},"end":{"line":19,"column":15}},"loc":{"start":{"line":19,"column":20},"end":{"line":19,"column":25}},"line":19},"1":{"name":"(anonymous_1)","decl":{"start":{"line":20,"column":18},"end":{"line":20,"column":19}},"loc":{"start":{"line":20,"column":24},"end":{"line":20,"column":26}},"line":20},"2":{"name":"(anonymous_2)","decl":{"start":{"line":21,"column":15},"end":{"line":21,"column":16}},"loc":{"start":{"line":21,"column":21},"end":{"line":21,"column":23}},"line":21},"3":{"name":"(anonymous_3)","decl":{"start":{"line":24,"column":42},"end":{"line":24,"column":43}},"loc":{"start":{"line":24,"column":58},"end":{"line":93,"column":1}},"line":24},"4":{"name":"(anonymous_4)","decl":{"start":{"line":28,"column":12},"end":{"line":28,"column":13}},"loc":{"start":{"line":28,"column":18},"end":{"line":30,"column":3}},"line":28},"5":{"name":"(anonymous_5)","decl":{"start":{"line":32,"column":12},"end":{"line":32,"column":13}},"loc":{"start":{"line":32,"column":18},"end":{"line":35,"column":3}},"line":32},"6":{"name":"loadData","decl":{"start":{"line":37,"column":17},"end":{"line":37,"column":25}},"loc":{"start":{"line":37,"column":28},"end":{"line":47,"column":3}},"line":37},"7":{"name":"updateStorage","decl":{"start":{"line":49,"column":17},"end":{"line":49,"column":30}},"loc":{"start":{"line":49,"column":51},"end":{"line":55,"column":3}},"line":49},"8":{"name":"updateShowList","decl":{"start":{"line":57,"column":11},"end":{"line":57,"column":25}},"loc":{"start":{"line":57,"column":46},"end":{"line":65,"column":3}},"line":57},"9":{"name":"(anonymous_9)","decl":{"start":{"line":59,"column":31},"end":{"line":59,"column":32}},"loc":{"start":{"line":59,"column":41},"end":{"line":63,"column":7}},"line":59},"10":{"name":"addFavorite","decl":{"start":{"line":66,"column":11},"end":{"line":66,"column":22}},"loc":{"start":{"line":66,"column":35},"end":{"line":73,"column":3}},"line":66},"11":{"name":"(anonymous_11)","decl":{"start":{"line":67,"column":20},"end":{"line":67,"column":21}},"loc":{"start":{"line":67,"column":28},"end":{"line":72,"column":5}},"line":67},"12":{"name":"deleteFavorite","decl":{"start":{"line":74,"column":11},"end":{"line":74,"column":25}},"loc":{"start":{"line":74,"column":42},"end":{"line":82,"column":3}},"line":74},"13":{"name":"isFavorite","decl":{"start":{"line":83,"column":11},"end":{"line":83,"column":21}},"loc":{"start":{"line":83,"column":47},"end":{"line":85,"column":3}},"line":83},"14":{"name":"useFavorite","decl":{"start":{"line":95,"column":16},"end":{"line":95,"column":27}},"loc":{"start":{"line":95,"column":30},"end":{"line":101,"column":1}},"line":95}},"branchMap":{"0":{"loc":{"start":{"line":40,"column":6},"end":{"line":43,"column":7}},"type":"if","locations":[{"start":{"line":40,"column":6},"end":{"line":43,"column":7}},{"start":{},"end":{}}],"line":40},"1":{"loc":{"start":{"line":60,"column":8},"end":{"line":60,"column":38}},"type":"if","locations":[{"start":{"line":60,"column":8},"end":{"line":60,"column":38}},{"start":{},"end":{}}],"line":60},"2":{"loc":{"start":{"line":61,"column":8},"end":{"line":61,"column":39}},"type":"if","locations":[{"start":{"line":61,"column":8},"end":{"line":61,"column":39}},{"start":{},"end":{}}],"line":61},"3":{"loc":{"start":{"line":75,"column":4},"end":{"line":81,"column":5}},"type":"if","locations":[{"start":{"line":75,"column":4},"end":{"line":81,"column":5}},{"start":{},"end":{}}],"line":75},"4":{"loc":{"start":{"line":97,"column":2},"end":{"line":99,"column":3}},"type":"if","locations":[{"start":{"line":97,"column":2},"end":{"line":99,"column":3}},{"start":{},"end":{}}],"line":97}},"s":{"0":1,"1":1,"2":2,"3":1,"4":0,"5":0,"6":0,"7":0,"8":0,"9":0,"10":0,"11":0,"12":0,"13":0,"14":0,"15":0,"16":0,"17":0,"18":0,"19":0,"20":0,"21":0,"22":0,"23":0,"24":0,"25":0,"26":0,"27":0,"28":0,"29":0,"30":0,"31":0,"32":0,"33":0,"34":4,"35":4,"36":0,"37":4},"f":{"0":2,"1":0,"2":0,"3":0,"4":0,"5":0,"6":0,"7":0,"8":0,"9":0,"10":0,"11":0,"12":0,"13":0,"14":4},"b":{"0":[0,0],"1":[0,0],"2":[0,0],"3":[0,0],"4":[0,4]},"_coverageSchema":"1a1c01bbd47fc00a2c39e90264f33305004495a9","hash":"7854a8dcd5d82f2a0091c3e6029e58487fb27624"}
,"/Users/divisio/Desktop/Pedro/Programacao/TVmaze/src/models/CommonModels.ts": {"path":"/Users/divisio/Desktop/Pedro/Programacao/TVmaze/src/models/CommonModels.ts","statementMap":{},"fnMap":{},"branchMap":{},"s":{},"f":{},"b":{},"_coverageSchema":"1a1c01bbd47fc00a2c39e90264f33305004495a9","hash":"b8f3def1e9e7d4f8722c1b86bd7339356671ffe1"}
,"/Users/divisio/Desktop/Pedro/Programacao/TVmaze/src/screens/ShowDetailsScreen/components/EpisodeList/EpisodeList.tsx": {"path":"/Users/divisio/Desktop/Pedro/Programacao/TVmaze/src/screens/ShowDetailsScreen/components/EpisodeList/EpisodeList.tsx","statementMap":{"0":{"start":{"line":26,"column":22},"end":{"line":26,"column":73}},"1":{"start":{"line":31,"column":46},"end":{"line":31,"column":59}},"2":{"start":{"line":32,"column":22},"end":{"line":32,"column":44}},"3":{"start":{"line":34,"column":21},"end":{"line":34,"column":36}},"4":{"start":{"line":36,"column":17},"end":{"line":38,"column":3}},"5":{"start":{"line":37,"column":4},"end":{"line":37,"column":36}},"6":{"start":{"line":41,"column":4},"end":{"line":41,"column":53}},"7":{"start":{"line":45,"column":4},"end":{"line":54,"column":6}},"8":{"start":{"line":47,"column":23},"end":{"line":47,"column":53}},"9":{"start":{"line":58,"column":4},"end":{"line":58,"column":32}},"10":{"start":{"line":62,"column":4},"end":{"line":75,"column":6}},"11":{"start":{"line":78,"column":2},"end":{"line":93,"column":4}},"12":{"start":{"line":82,"column":35},"end":{"line":82,"column":45}},"13":{"start":{"line":96,"column":15},"end":{"line":117,"column":2}}},"fnMap":{"0":{"name":"EpisodeList","decl":{"start":{"line":30,"column":16},"end":{"line":30,"column":27}},"loc":{"start":{"line":30,"column":43},"end":{"line":94,"column":1}},"line":30},"1":{"name":"(anonymous_1)","decl":{"start":{"line":36,"column":61},"end":{"line":36,"column":62}},"loc":{"start":{"line":37,"column":4},"end":{"line":37,"column":36}},"line":37},"2":{"name":"navigateToEpisodeDetails","decl":{"start":{"line":40,"column":11},"end":{"line":40,"column":35}},"loc":{"start":{"line":40,"column":54},"end":{"line":42,"column":3}},"line":40},"3":{"name":"renderItem","decl":{"start":{"line":44,"column":11},"end":{"line":44,"column":21}},"loc":{"start":{"line":44,"column":59},"end":{"line":55,"column":3}},"line":44},"4":{"name":"(anonymous_4)","decl":{"start":{"line":47,"column":17},"end":{"line":47,"column":18}},"loc":{"start":{"line":47,"column":23},"end":{"line":47,"column":53}},"line":47},"5":{"name":"openModal","decl":{"start":{"line":57,"column":11},"end":{"line":57,"column":20}},"loc":{"start":{"line":57,"column":23},"end":{"line":59,"column":3}},"line":57},"6":{"name":"Header","decl":{"start":{"line":61,"column":11},"end":{"line":61,"column":17}},"loc":{"start":{"line":61,"column":20},"end":{"line":76,"column":3}},"line":61},"7":{"name":"(anonymous_7)","decl":{"start":{"line":82,"column":29},"end":{"line":82,"column":30}},"loc":{"start":{"line":82,"column":35},"end":{"line":82,"column":45}},"line":82}},"branchMap":{"0":{"loc":{"start":{"line":83,"column":14},"end":{"line":83,"column":54}},"type":"cond-expr","locations":[{"start":{"line":83,"column":21},"end":{"line":83,"column":49}},{"start":{"line":83,"column":52},"end":{"line":83,"column":54}}],"line":83},"1":{"loc":{"start":{"line":90,"column":17},"end":{"line":90,"column":40}},"type":"binary-expr","locations":[{"start":{"line":90,"column":17},"end":{"line":90,"column":34}},{"start":{"line":90,"column":38},"end":{"line":90,"column":40}}],"line":90}},"s":{"0":1,"1":2,"2":2,"3":2,"4":2,"5":1,"6":0,"7":2,"8":0,"9":0,"10":2,"11":2,"12":2,"13":1},"f":{"0":2,"1":1,"2":0,"3":2,"4":0,"5":0,"6":2,"7":2},"b":{"0":[1,1],"1":[2,1]},"_coverageSchema":"1a1c01bbd47fc00a2c39e90264f33305004495a9","hash":"349118671305efad48a7496a35f19b0620ad7f34"}
,"/Users/divisio/Desktop/Pedro/Programacao/TVmaze/src/screens/ShowDetailsScreen/components/FavoriteButton/FavoriteButton.tsx": {"path":"/Users/divisio/Desktop/Pedro/Programacao/TVmaze/src/screens/ShowDetailsScreen/components/FavoriteButton/FavoriteButton.tsx","statementMap":{"0":{"start":{"line":8,"column":18},"end":{"line":8,"column":64}},"1":{"start":{"line":9,"column":25},"end":{"line":9,"column":79}},"2":{"start":{"line":15,"column":34},"end":{"line":15,"column":74}},"3":{"start":{"line":16,"column":52},"end":{"line":16,"column":65}},"4":{"start":{"line":18,"column":2},"end":{"line":21,"column":9}},"5":{"start":{"line":19,"column":4},"end":{"line":19,"column":37}},"6":{"start":{"line":24,"column":4},"end":{"line":24,"column":31}},"7":{"start":{"line":24,"column":24},"end":{"line":24,"column":29}},"8":{"start":{"line":25,"column":4},"end":{"line":29,"column":5}},"9":{"start":{"line":26,"column":6},"end":{"line":26,"column":30}},"10":{"start":{"line":28,"column":6},"end":{"line":28,"column":24}},"11":{"start":{"line":32,"column":2},"end":{"line":34,"column":3}},"12":{"start":{"line":33,"column":4},"end":{"line":33,"column":16}},"13":{"start":{"line":36,"column":2},"end":{"line":44,"column":4}}},"fnMap":{"0":{"name":"FavoriteButton","decl":{"start":{"line":14,"column":16},"end":{"line":14,"column":30}},"loc":{"start":{"line":14,"column":46},"end":{"line":45,"column":1}},"line":14},"1":{"name":"(anonymous_1)","decl":{"start":{"line":18,"column":12},"end":{"line":18,"column":13}},"loc":{"start":{"line":18,"column":18},"end":{"line":21,"column":3}},"line":18},"2":{"name":"toggleFavorite","decl":{"start":{"line":23,"column":11},"end":{"line":23,"column":25}},"loc":{"start":{"line":23,"column":28},"end":{"line":30,"column":3}},"line":23},"3":{"name":"(anonymous_3)","decl":{"start":{"line":24,"column":16},"end":{"line":24,"column":17}},"loc":{"start":{"line":24,"column":24},"end":{"line":24,"column":29}},"line":24}},"branchMap":{"0":{"loc":{"start":{"line":25,"column":4},"end":{"line":29,"column":5}},"type":"if","locations":[{"start":{"line":25,"column":4},"end":{"line":29,"column":5}},{"start":{"line":27,"column":11},"end":{"line":29,"column":5}}],"line":25},"1":{"loc":{"start":{"line":32,"column":2},"end":{"line":34,"column":3}},"type":"if","locations":[{"start":{"line":32,"column":2},"end":{"line":34,"column":3}},{"start":{},"end":{}}],"line":32},"2":{"loc":{"start":{"line":41,"column":16},"end":{"line":41,"column":55}},"type":"cond-expr","locations":[{"start":{"line":41,"column":27},"end":{"line":41,"column":36}},{"start":{"line":41,"column":39},"end":{"line":41,"column":55}}],"line":41}},"s":{"0":1,"1":1,"2":4,"3":4,"4":4,"5":2,"6":0,"7":0,"8":0,"9":0,"10":0,"11":4,"12":2,"13":2},"f":{"0":4,"1":2,"2":0,"3":0},"b":{"0":[0,0],"1":[2,2],"2":[0,2]},"_coverageSchema":"1a1c01bbd47fc00a2c39e90264f33305004495a9","hash":"3f566ba29717e07aca98a9081a6898e9e0ae6e8f"}
,"/Users/divisio/Desktop/Pedro/Programacao/TVmaze/src/screens/ShowDetailsScreen/components/Genres/Genres.tsx": {"path":"/Users/divisio/Desktop/Pedro/Programacao/TVmaze/src/screens/ShowDetailsScreen/components/Genres/Genres.tsx","statementMap":{"0":{"start":{"line":9,"column":15},"end":{"line":12,"column":8}},"1":{"start":{"line":10,"column":22},"end":{"line":10,"column":61}},"2":{"start":{"line":11,"column":4},"end":{"line":11,"column":40}},"3":{"start":{"line":14,"column":2},"end":{"line":18,"column":4}},"4":{"start":{"line":21,"column":15},"end":{"line":26,"column":2}}},"fnMap":{"0":{"name":"Genres","decl":{"start":{"line":8,"column":16},"end":{"line":8,"column":22}},"loc":{"start":{"line":8,"column":40},"end":{"line":19,"column":1}},"line":8},"1":{"name":"(anonymous_1)","decl":{"start":{"line":9,"column":29},"end":{"line":9,"column":30}},"loc":{"start":{"line":9,"column":52},"end":{"line":12,"column":3}},"line":9}},"branchMap":{"0":{"loc":{"start":{"line":10,"column":22},"end":{"line":10,"column":61}},"type":"cond-expr","locations":[{"start":{"line":10,"column":52},"end":{"line":10,"column":54}},{"start":{"line":10,"column":57},"end":{"line":10,"column":61}}],"line":10}},"s":{"0":2,"1":2,"2":2,"3":2,"4":1},"f":{"0":2,"1":2},"b":{"0":[2,0]},"_coverageSchema":"1a1c01bbd47fc00a2c39e90264f33305004495a9","hash":"a3c9112be18763b60571d35eda3145e06009b937"}
,"/Users/divisio/Desktop/Pedro/Programacao/TVmaze/src/screens/ShowDetailsScreen/components/SeasonModal/SeasonModal.tsx": {"path":"/Users/divisio/Desktop/Pedro/Programacao/TVmaze/src/screens/ShowDetailsScreen/components/SeasonModal/SeasonModal.tsx","statementMap":{"0":{"start":{"line":12,"column":27},"end":{"line":38,"column":1}},"1":{"start":{"line":15,"column":6},"end":{"line":15,"column":28}},"2":{"start":{"line":16,"column":6},"end":{"line":16,"column":28}},"3":{"start":{"line":19,"column":4},"end":{"line":36,"column":6}},"4":{"start":{"line":27,"column":12},"end":{"line":32,"column":19}},"5":{"start":{"line":29,"column":29},"end":{"line":29,"column":49}},"6":{"start":{"line":40,"column":15},"end":{"line":52,"column":2}}},"fnMap":{"0":{"name":"(anonymous_0)","decl":{"start":{"line":13,"column":2},"end":{"line":13,"column":3}},"loc":{"start":{"line":13,"column":38},"end":{"line":37,"column":3}},"line":13},"1":{"name":"handleSelect","decl":{"start":{"line":14,"column":13},"end":{"line":14,"column":25}},"loc":{"start":{"line":14,"column":41},"end":{"line":17,"column":5}},"line":14},"2":{"name":"(anonymous_2)","decl":{"start":{"line":26,"column":23},"end":{"line":26,"column":24}},"loc":{"start":{"line":27,"column":12},"end":{"line":32,"column":19}},"line":27},"3":{"name":"(anonymous_3)","decl":{"start":{"line":29,"column":23},"end":{"line":29,"column":24}},"loc":{"start":{"line":29,"column":29},"end":{"line":29,"column":49}},"line":29}},"branchMap":{},"s":{"0":2,"1":1,"2":1,"3":4,"4":8,"5":1,"6":2},"f":{"0":4,"1":1,"2":8,"3":1},"b":{},"_coverageSchema":"1a1c01bbd47fc00a2c39e90264f33305004495a9","hash":"045117372c7cdaaa3f1ab62795f81a6dba0aff5a"}
,"/Users/divisio/Desktop/Pedro/Programacao/TVmaze/src/screens/ShowDetailsScreen/components/ShowInfo/ShowInfo.tsx": {"path":"/Users/divisio/Desktop/Pedro/Programacao/TVmaze/src/screens/ShowDetailsScreen/components/ShowInfo/ShowInfo.tsx","statementMap":{"0":{"start":{"line":12,"column":21},"end":{"line":12,"column":51}},"1":{"start":{"line":13,"column":32},"end":{"line":16,"column":1}},"2":{"start":{"line":18,"column":20},"end":{"line":18,"column":32}},"3":{"start":{"line":20,"column":2},"end":{"line":21,"column":31}},"4":{"start":{"line":27,"column":22},"end":{"line":27,"column":72}},"5":{"start":{"line":28,"column":2},"end":{"line":43,"column":4}},"6":{"start":{"line":46,"column":15},"end":{"line":74,"column":2}}},"fnMap":{"0":{"name":"ShowInfo","decl":{"start":{"line":26,"column":16},"end":{"line":26,"column":24}},"loc":{"start":{"line":26,"column":40},"end":{"line":44,"column":1}},"line":26}},"branchMap":{},"s":{"0":1,"1":1,"2":1,"3":1,"4":2,"5":2,"6":1},"f":{"0":2},"b":{},"_coverageSchema":"1a1c01bbd47fc00a2c39e90264f33305004495a9","hash":"501ee605a49bb49288964eedbe4d5f304fea0b5d"}
,"/Users/divisio/Desktop/Pedro/Programacao/TVmaze/src/services/QueryKeys.ts": {"path":"/Users/divisio/Desktop/Pedro/Programacao/TVmaze/src/services/QueryKeys.ts","statementMap":{},"fnMap":{},"branchMap":{},"s":{},"f":{},"b":{},"_coverageSchema":"1a1c01bbd47fc00a2c39e90264f33305004495a9","hash":"558ca5e856e0c6219c6e8e8b55363c4a961b530d"}
,"/Users/divisio/Desktop/Pedro/Programacao/TVmaze/src/services/api.ts": {"path":"/Users/divisio/Desktop/Pedro/Programacao/TVmaze/src/services/api.ts","statementMap":{"0":{"start":{"line":3,"column":24},"end":{"line":3,"column":49}},"1":{"start":{"line":5,"column":19},"end":{"line":7,"column":2}}},"fnMap":{},"branchMap":{},"s":{"0":2,"1":2},"f":{},"b":{},"_coverageSchema":"1a1c01bbd47fc00a2c39e90264f33305004495a9","hash":"64f83a98a22f9366cf0af3bd0d5fe91fdde9ae90"}
,"/Users/divisio/Desktop/Pedro/Programacao/TVmaze/src/services/show/showService.ts": {"path":"/Users/divisio/Desktop/Pedro/Programacao/TVmaze/src/services/show/showService.ts","statementMap":{"0":{"start":{"line":8,"column":2},"end":{"line":19,"column":3}},"1":{"start":{"line":9,"column":19},"end":{"line":9,"column":62}},"2":{"start":{"line":10,"column":4},"end":{"line":13,"column":6}},"3":{"start":{"line":15,"column":4},"end":{"line":18,"column":6}},"4":{"start":{"line":28,"column":2},"end":{"line":30,"column":3}},"5":{"start":{"line":29,"column":4},"end":{"line":29,"column":14}},"6":{"start":{"line":31,"column":17},"end":{"line":33,"column":3}},"7":{"start":{"line":35,"column":19},"end":{"line":35,"column":48}},"8":{"start":{"line":35,"column":37},"end":{"line":35,"column":47}},"9":{"start":{"line":36,"column":2},"end":{"line":36,"column":18}},"10":{"start":{"line":40,"column":17},"end":{"line":40,"column":69}},"11":{"start":{"line":42,"column":18},"end":{"line":42,"column":53}},"12":{"start":{"line":43,"column":22},"end":{"line":43,"column":42}},"13":{"start":{"line":45,"column":2},"end":{"line":45,"column":32}},"14":{"start":{"line":48,"column":27},"end":{"line":52,"column":1}}},"fnMap":{"0":{"name":"list","decl":{"start":{"line":7,"column":15},"end":{"line":7,"column":19}},"loc":{"start":{"line":7,"column":59},"end":{"line":20,"column":1}},"line":7},"1":{"name":"searchByName","decl":{"start":{"line":27,"column":15},"end":{"line":27,"column":27}},"loc":{"start":{"line":27,"column":65},"end":{"line":37,"column":1}},"line":27},"2":{"name":"(anonymous_2)","decl":{"start":{"line":35,"column":28},"end":{"line":35,"column":29}},"loc":{"start":{"line":35,"column":37},"end":{"line":35,"column":47}},"line":35},"3":{"name":"getEpisodes","decl":{"start":{"line":39,"column":15},"end":{"line":39,"column":26}},"loc":{"start":{"line":39,"column":69},"end":{"line":46,"column":1}},"line":39}},"branchMap":{"0":{"loc":{"start":{"line":28,"column":2},"end":{"line":30,"column":3}},"type":"if","locations":[{"start":{"line":28,"column":2},"end":{"line":30,"column":3}},{"start":{},"end":{}}],"line":28}},"s":{"0":0,"1":0,"2":0,"3":0,"4":0,"5":0,"6":0,"7":0,"8":0,"9":0,"10":2,"11":2,"12":2,"13":2,"14":2},"f":{"0":0,"1":0,"2":0,"3":2},"b":{"0":[0,0]},"_coverageSchema":"1a1c01bbd47fc00a2c39e90264f33305004495a9","hash":"ca32fe90529d78286ed60a8ae37f66afb2f362f4"}
,"/Users/divisio/Desktop/Pedro/Programacao/TVmaze/src/styles/colors.ts": {"path":"/Users/divisio/Desktop/Pedro/Programacao/TVmaze/src/styles/colors.ts","statementMap":{"0":{"start":{"line":1,"column":22},"end":{"line":9,"column":1}}},"fnMap":{},"branchMap":{},"s":{"0":3},"f":{},"b":{},"_coverageSchema":"1a1c01bbd47fc00a2c39e90264f33305004495a9","hash":"fb78a191ce13a625a6094d861bd6f77dbfc26bbd"}
,"/Users/divisio/Desktop/Pedro/Programacao/TVmaze/src/utils/commonUtils.ts": {"path":"/Users/divisio/Desktop/Pedro/Programacao/TVmaze/src/utils/commonUtils.ts","statementMap":{"0":{"start":{"line":5,"column":25},"end":{"line":5,"column":74}},"1":{"start":{"line":11,"column":16},"end":{"line":11,"column":32}},"2":{"start":{"line":13,"column":2},"end":{"line":15,"column":3}},"3":{"start":{"line":14,"column":4},"end":{"line":14,"column":28}},"4":{"start":{"line":17,"column":2},"end":{"line":19,"column":3}},"5":{"start":{"line":18,"column":4},"end":{"line":18,"column":37}},"6":{"start":{"line":21,"column":2},"end":{"line":21,"column":26}},"7":{"start":{"line":24,"column":16},"end":{"line":32,"column":1}},"8":{"start":{"line":25,"column":2},"end":{"line":31,"column":9}},"9":{"start":{"line":26,"column":4},"end":{"line":28,"column":6}},"10":{"start":{"line":30,"column":4},"end":{"line":30,"column":18}},"11":{"start":{"line":37,"column":2},"end":{"line":37,"column":31}},"12":{"start":{"line":37,"column":21},"end":{"line":37,"column":31}},"13":{"start":{"line":38,"column":2},"end":{"line":40,"column":16}},"14":{"start":{"line":39,"column":4},"end":{"line":39,"column":35}},"15":{"start":{"line":43,"column":27},"end":{"line":47,"column":1}}},"fnMap":{"0":{"name":"getImageSource","decl":{"start":{"line":7,"column":9},"end":{"line":7,"column":23}},"loc":{"start":{"line":10,"column":24},"end":{"line":22,"column":1}},"line":10},"1":{"name":"(anonymous_1)","decl":{"start":{"line":24,"column":16},"end":{"line":24,"column":17}},"loc":{"start":{"line":24,"column":76},"end":{"line":32,"column":1}},"line":24},"2":{"name":"(anonymous_2)","decl":{"start":{"line":25,"column":22},"end":{"line":25,"column":23}},"loc":{"start":{"line":25,"column":48},"end":{"line":31,"column":3}},"line":25},"3":{"name":"getFromInfiniteData","decl":{"start":{"line":34,"column":16},"end":{"line":34,"column":35}},"loc":{"start":{"line":36,"column":7},"end":{"line":41,"column":1}},"line":36},"4":{"name":"(anonymous_4)","decl":{"start":{"line":38,"column":35},"end":{"line":38,"column":36}},"loc":{"start":{"line":38,"column":51},"end":{"line":40,"column":3}},"line":38}},"branchMap":{"0":{"loc":{"start":{"line":11,"column":16},"end":{"line":11,"column":32}},"type":"binary-expr","locations":[{"start":{"line":11,"column":16},"end":{"line":11,"column":20}},{"start":{"line":11,"column":24},"end":{"line":11,"column":32}}],"line":11},"1":{"loc":{"start":{"line":13,"column":2},"end":{"line":15,"column":3}},"type":"if","locations":[{"start":{"line":13,"column":2},"end":{"line":15,"column":3}},{"start":{},"end":{}}],"line":13},"2":{"loc":{"start":{"line":17,"column":2},"end":{"line":19,"column":3}},"type":"if","locations":[{"start":{"line":17,"column":2},"end":{"line":19,"column":3}},{"start":{},"end":{}}],"line":17},"3":{"loc":{"start":{"line":26,"column":33},"end":{"line":26,"column":64}},"type":"binary-expr","locations":[{"start":{"line":26,"column":33},"end":{"line":26,"column":58}},{"start":{"line":26,"column":62},"end":{"line":26,"column":64}}],"line":26},"4":{"loc":{"start":{"line":37,"column":2},"end":{"line":37,"column":31}},"type":"if","locations":[{"start":{"line":37,"column":2},"end":{"line":37,"column":31}},{"start":{},"end":{}}],"line":37}},"s":{"0":2,"1":4,"2":4,"3":0,"4":4,"5":4,"6":0,"7":2,"8":2,"9":8,"10":8,"11":0,"12":0,"13":0,"14":0,"15":2},"f":{"0":4,"1":2,"2":8,"3":0,"4":0},"b":{"0":[4,2],"1":[0,4],"2":[4,0],"3":[8,4],"4":[0,0]},"_coverageSchema":"1a1c01bbd47fc00a2c39e90264f33305004495a9","hash":"a9f99d31a3fd66e6a6ccb217620452b5a31fb379"}
,"/Users/divisio/Desktop/Pedro/Programacao/TVmaze/src/utils/constants.ts": {"path":"/Users/divisio/Desktop/Pedro/Programacao/TVmaze/src/utils/constants.ts","statementMap":{"0":{"start":{"line":1,"column":20},"end":{"line":4,"column":1}}},"fnMap":{},"branchMap":{},"s":{"0":1},"f":{},"b":{},"_coverageSchema":"1a1c01bbd47fc00a2c39e90264f33305004495a9","hash":"bd1595d0b85db8806927a158d86b29beb116a021"}
,"/Users/divisio/Desktop/Pedro/Programacao/TVmaze/src/utils/styleUtils.ts": {"path":"/Users/divisio/Desktop/Pedro/Programacao/TVmaze/src/utils/styleUtils.ts","statementMap":{"0":{"start":{"line":1,"column":15},"end":{"line":11,"column":1}},"1":{"start":{"line":13,"column":27},"end":{"line":13,"column":35}}},"fnMap":{},"branchMap":{},"s":{"0":1,"1":1},"f":{},"b":{},"_coverageSchema":"1a1c01bbd47fc00a2c39e90264f33305004495a9","hash":"7e40fd7140fe81eeaf99d38689973aa88e212f83"}
}
