TN:
SF:src/assets/images/arrow-down.png
FNF:0
FNH:0
DA:1,1
LF:1
LH:1
BRF:0
BRH:0
end_of_record
TN:
SF:src/assets/images/heart-outline.png
FNF:0
FNH:0
DA:1,1
LF:1
LH:1
BRF:0
BRH:0
end_of_record
TN:
SF:src/assets/images/heart.png
FNF:0
FNH:0
DA:1,1
LF:1
LH:1
BRF:0
BRH:0
end_of_record
TN:
SF:src/assets/images/image-placeholder.png
FNF:0
FNH:0
DA:1,2
LF:1
LH:1
BRF:0
BRH:0
end_of_record
TN:
SF:src/assets/images/star.png
FNF:0
FNH:0
DA:1,2
LF:1
LH:1
BRF:0
BRH:0
end_of_record
TN:
SF:src/components/CardImage/CardImage.tsx
FN:13,(anonymous_0)
FNF:1
FNH:1
FNDA:2,(anonymous_0)
DA:13,1
DA:19,2
DA:21,2
DA:35,1
LF:4
LH:4
BRF:0
BRH:0
end_of_record
TN:
SF:src/components/DaysOfWeekIndicator/DaysOfWeekIndicator.tsx
FN:44,DaysOfWeekIndicator
FN:47,(anonymous_1)
FNF:2
FNH:2
FNDA:2,DaysOfWeekIndicator
FNDA:14,(anonymous_1)
DA:10,1
DA:45,2
DA:48,14
DA:49,14
DA:66,1
LF:5
LH:5
BRDA:54,0,0,10
BRDA:54,0,1,4
BRF:2
BRH:2
end_of_record
TN:
SF:src/components/ImageIcon/ImageIcon.tsx
FN:9,ImageIcon
FNF:1
FNH:1
FNDA:6,ImageIcon
DA:10,6
LF:1
LH:1
BRDA:9,0,0,2
BRF:1
BRH:1
end_of_record
TN:
SF:src/components/RenderHtml/RenderHtml.tsx
FN:10,RenderHtmlComponent
FNF:1
FNH:1
FNDA:2,RenderHtmlComponent
DA:11,2
DA:12,2
DA:13,2
DA:22,1
LF:4
LH:4
BRF:0
BRH:0
end_of_record
TN:
SF:src/components/StarRating/StarRating.tsx
FN:14,StarRating
FNF:1
FNH:1
FNDA:5,StarRating
DA:8,2
DA:15,5
DA:16,3
DA:19,2
DA:27,2
LF:5
LH:5
BRDA:15,0,0,3
BRDA:15,0,1,2
BRF:2
BRH:2
end_of_record
TN:
SF:src/contexts/Favorite.tsx
FN:19,(anonymous_0)
FN:20,(anonymous_1)
FN:21,(anonymous_2)
FN:24,(anonymous_3)
FN:28,(anonymous_4)
FN:32,(anonymous_5)
FN:37,loadData
FN:49,updateStorage
FN:57,updateShowList
FN:59,(anonymous_9)
FN:66,addFavorite
FN:67,(anonymous_11)
FN:74,deleteFavorite
FN:83,isFavorite
FN:95,useFavorite
FNF:15
FNH:2
FNDA:2,(anonymous_0)
FNDA:0,(anonymous_1)
FNDA:0,(anonymous_2)
FNDA:0,(anonymous_3)
FNDA:0,(anonymous_4)
FNDA:0,(anonymous_5)
FNDA:0,loadData
FNDA:0,updateStorage
FNDA:0,updateShowList
FNDA:0,(anonymous_9)
FNDA:0,addFavorite
FNDA:0,(anonymous_11)
FNDA:0,deleteFavorite
FNDA:0,isFavorite
FNDA:4,useFavorite
DA:10,1
DA:17,1
DA:19,2
DA:24,1
DA:25,0
DA:26,0
DA:28,0
DA:29,0
DA:32,0
DA:33,0
DA:34,0
DA:38,0
DA:39,0
DA:40,0
DA:41,0
DA:42,0
DA:50,0
DA:51,0
DA:52,0
DA:58,0
DA:60,0
DA:61,0
DA:62,0
DA:67,0
DA:68,0
DA:75,0
DA:76,0
DA:77,0
DA:79,0
DA:80,0
DA:84,0
DA:87,0
DA:96,4
DA:97,4
DA:98,0
DA:100,4
LF:36
LH:7
BRDA:40,0,0,0
BRDA:40,0,1,0
BRDA:60,1,0,0
BRDA:60,1,1,0
BRDA:61,2,0,0
BRDA:61,2,1,0
BRDA:75,3,0,0
BRDA:75,3,1,0
BRDA:97,4,0,0
BRDA:97,4,1,4
BRF:10
BRH:1
end_of_record
TN:
SF:src/models/CommonModels.ts
FNF:0
FNH:0
LF:0
LH:0
BRF:0
BRH:0
end_of_record
TN:
SF:src/screens/ShowDetailsScreen/components/EpisodeList/EpisodeList.tsx
FN:30,EpisodeList
FN:36,(anonymous_1)
FN:40,navigateToEpisodeDetails
FN:44,renderItem
FN:47,(anonymous_4)
FN:57,openModal
FN:61,Header
FN:82,(anonymous_7)
FNF:8
FNH:5
FNDA:2,EpisodeList
FNDA:1,(anonymous_1)
FNDA:0,navigateToEpisodeDetails
FNDA:2,renderItem
FNDA:0,(anonymous_4)
FNDA:0,openModal
FNDA:2,Header
FNDA:2,(anonymous_7)
DA:26,1
DA:31,2
DA:32,2
DA:34,2
DA:36,2
DA:37,1
DA:41,0
DA:45,2
DA:47,0
DA:58,0
DA:62,2
DA:78,2
DA:82,2
DA:96,1
LF:14
LH:11
BRDA:83,0,0,1
BRDA:83,0,1,1
BRDA:90,1,0,2
BRDA:90,1,1,1
BRF:4
BRH:4
end_of_record
TN:
SF:src/screens/ShowDetailsScreen/components/FavoriteButton/FavoriteButton.tsx
FN:14,FavoriteButton
FN:18,(anonymous_1)
FN:23,toggleFavorite
FN:24,(anonymous_3)
FNF:4
FNH:2
FNDA:4,FavoriteButton
FNDA:2,(anonymous_1)
FNDA:0,toggleFavorite
FNDA:0,(anonymous_3)
DA:8,1
DA:9,1
DA:15,4
DA:16,4
DA:18,4
DA:19,2
DA:24,0
DA:25,0
DA:26,0
DA:28,0
DA:32,4
DA:33,2
DA:36,2
LF:13
LH:9
BRDA:25,0,0,0
BRDA:25,0,1,0
BRDA:32,1,0,2
BRDA:32,1,1,2
BRDA:41,2,0,0
BRDA:41,2,1,2
BRF:6
BRH:3
end_of_record
TN:
SF:src/screens/ShowDetailsScreen/components/Genres/Genres.tsx
FN:8,Genres
FN:9,(anonymous_1)
FNF:2
FNH:2
FNDA:2,Genres
FNDA:2,(anonymous_1)
DA:9,2
DA:10,2
DA:11,2
DA:14,2
DA:21,1
LF:5
LH:5
BRDA:10,0,0,2
BRDA:10,0,1,0
BRF:2
BRH:1
end_of_record
TN:
SF:src/screens/ShowDetailsScreen/components/SeasonModal/SeasonModal.tsx
FN:13,(anonymous_0)
FN:14,handleSelect
FN:26,(anonymous_2)
FN:29,(anonymous_3)
FNF:4
FNH:4
FNDA:4,(anonymous_0)
FNDA:1,handleSelect
FNDA:8,(anonymous_2)
FNDA:1,(anonymous_3)
DA:12,2
DA:15,1
DA:16,1
DA:19,4
DA:27,8
DA:29,1
DA:40,2
LF:7
LH:7
BRF:0
BRH:0
end_of_record
TN:
SF:src/screens/ShowDetailsScreen/components/ShowInfo/ShowInfo.tsx
FN:26,ShowInfo
FNF:1
FNH:1
FNDA:2,ShowInfo
DA:12,1
DA:13,1
DA:18,1
DA:20,1
DA:27,2
DA:28,2
DA:46,1
LF:7
LH:7
BRF:0
BRH:0
end_of_record
TN:
SF:src/services/QueryKeys.ts
FNF:0
FNH:0
LF:0
LH:0
BRF:0
BRH:0
end_of_record
TN:
SF:src/services/api.ts
FNF:0
FNH:0
DA:3,2
DA:5,2
LF:2
LH:2
BRF:0
BRH:0
end_of_record
TN:
SF:src/services/show/showService.ts
FN:7,list
FN:27,searchByName
FN:35,(anonymous_2)
FN:39,getEpisodes
FNF:4
FNH:1
FNDA:0,list
FNDA:0,searchByName
FNDA:0,(anonymous_2)
FNDA:2,getEpisodes
DA:8,0
DA:9,0
DA:10,0
DA:15,0
DA:28,0
DA:29,0
DA:31,0
DA:35,0
DA:36,0
DA:40,2
DA:42,2
DA:43,2
DA:45,2
DA:48,2
LF:14
LH:5
BRDA:28,0,0,0
BRDA:28,0,1,0
BRF:2
BRH:0
end_of_record
TN:
SF:src/styles/colors.ts
FNF:0
FNH:0
DA:1,3
LF:1
LH:1
BRF:0
BRH:0
end_of_record
TN:
SF:src/utils/commonUtils.ts
FN:7,getImageSource
FN:24,(anonymous_1)
FN:25,(anonymous_2)
FN:34,getFromInfiniteData
FN:38,(anonymous_4)
FNF:5
FNH:3
FNDA:4,getImageSource
FNDA:2,(anonymous_1)
FNDA:8,(anonymous_2)
FNDA:0,getFromInfiniteData
FNDA:0,(anonymous_4)
DA:5,2
DA:11,4
DA:13,4
DA:14,0
DA:17,4
DA:18,4
DA:21,0
DA:24,2
DA:25,2
DA:26,8
DA:30,8
DA:37,0
DA:38,0
DA:39,0
DA:43,2
LF:15
LH:10
BRDA:11,0,0,4
BRDA:11,0,1,2
BRDA:13,1,0,0
BRDA:13,1,1,4
BRDA:17,2,0,4
BRDA:17,2,1,0
BRDA:26,3,0,8
BRDA:26,3,1,4
BRDA:37,4,0,0
BRDA:37,4,1,0
BRF:10
BRH:6
end_of_record
TN:
SF:src/utils/constants.ts
FNF:0
FNH:0
DA:1,1
LF:1
LH:1
BRF:0
BRH:0
end_of_record
TN:
SF:src/utils/styleUtils.ts
FNF:0
FNH:0
DA:1,1
DA:13,1
LF:2
LH:2
BRF:0
BRH:0
end_of_record
